0 info it worked if it ends with ok
1 verbose cli [ '/usr/bin/nodejs', '/usr/local/bin/npm', 'run', 'deploy' ]
2 info using npm@3.8.6
3 info using node@v5.11.1
4 verbose run-script [ 'predeploy', 'deploy', 'postdeploy' ]
5 info lifecycle linkedin-signin@1.0.0~predeploy: linkedin-signin@1.0.0
6 silly lifecycle linkedin-signin@1.0.0~predeploy: no script for predeploy, continuing
7 info lifecycle linkedin-signin@1.0.0~deploy: linkedin-signin@1.0.0
8 verbose lifecycle linkedin-signin@1.0.0~deploy: unsafe-perm in lifecycle true
9 verbose lifecycle linkedin-signin@1.0.0~deploy: PATH: /usr/lib/node_modules/npm/bin/node-gyp-bin:/home/nalbion/workspace/found/workspace-frontend/linkedin-signin/node_modules/.bin:/usr/bin:/usr/local/heroku/bin:/usr/local/sbin:/usr/local/bin:/usr/sbin:/usr/bin:/sbin:/bin:/usr/games:/usr/local/games
10 verbose lifecycle linkedin-signin@1.0.0~deploy: CWD: /home/nalbion/workspace/found/workspace-frontend/linkedin-signin
11 silly lifecycle linkedin-signin@1.0.0~deploy: Args: [ '-c',
11 silly lifecycle   './gpages_build.sh nalbion linkedin-signin "Nicholas Albion" nalbion@yahoo.com' ]
12 silly lifecycle linkedin-signin@1.0.0~deploy: Returned: code: 126  signal: null
13 info lifecycle linkedin-signin@1.0.0~deploy: Failed to exec deploy script
14 verbose stack Error: linkedin-signin@1.0.0 deploy: `./gpages_build.sh nalbion linkedin-signin "Nicholas Albion" nalbion@yahoo.com`
14 verbose stack Exit status 126
14 verbose stack     at EventEmitter.<anonymous> (/usr/lib/node_modules/npm/lib/utils/lifecycle.js:239:16)
14 verbose stack     at emitTwo (events.js:100:13)
14 verbose stack     at EventEmitter.emit (events.js:185:7)
14 verbose stack     at ChildProcess.<anonymous> (/usr/lib/node_modules/npm/lib/utils/spawn.js:24:14)
14 verbose stack     at emitTwo (events.js:100:13)
14 verbose stack     at ChildProcess.emit (events.js:185:7)
14 verbose stack     at maybeClose (internal/child_process.js:850:16)
14 verbose stack     at Process.ChildProcess._handle.onexit (internal/child_process.js:215:5)
15 verbose pkgid linkedin-signin@1.0.0
16 verbose cwd /home/nalbion/workspace/found/workspace-frontend/linkedin-signin
17 error Linux 3.13.0-24-generic
18 error argv "/usr/bin/nodejs" "/usr/local/bin/npm" "run" "deploy"
19 error node v5.11.1
20 error npm  v3.8.6
21 error code ELIFECYCLE
22 error linkedin-signin@1.0.0 deploy: `./gpages_build.sh nalbion linkedin-signin "Nicholas Albion" nalbion@yahoo.com`
22 error Exit status 126
23 error Failed at the linkedin-signin@1.0.0 deploy script './gpages_build.sh nalbion linkedin-signin "Nicholas Albion" nalbion@yahoo.com'.
23 error Make sure you have the latest version of node.js and npm installed.
23 error If you do, this is most likely a problem with the linkedin-signin package,
23 error not with npm itself.
23 error Tell the author that this fails on your system:
23 error     ./gpages_build.sh nalbion linkedin-signin "Nicholas Albion" nalbion@yahoo.com
23 error You can get information on how to open an issue for this project with:
23 error     npm bugs linkedin-signin
23 error Or if that isn't available, you can get their info via:
23 error     npm owner ls linkedin-signin
23 error There is likely additional logging output above.
24 verbose exit [ 1, true ]
